# JRE version: OpenJDK Runtime Environment (11.0.8+10) (build 11.0.8+10-b944.6842174)
# Java VM: OpenJDK 64-Bit Server VM (11.0.8+10-b944.6842174, mixed mode, tiered, compressed oops, g1 gc, windows-amd64)
Heap:
 garbage-first heap   total 227328K, used 105966K [0x0000000080000000, 0x0000000100000000)
  region size 1024K, 7 young (7168K), 6 survivors (6144K)
 Metaspace       used 103012K, capacity 105609K, committed 105708K, reserved 1140736K
  class space    used 13223K, capacity 14096K, committed 14180K, reserved 1048576K
GC Heap History (20 events):
Event: 17.852 GC heap before
{Heap before GC invocations=14 (full 0):
 garbage-first heap   total 157696K, used 124689K [0x0000000080000000, 0x0000000100000000)
  region size 1024K, 56 young (57344K), 6 survivors (6144K)
 Metaspace       used 69574K, capacity 71488K, committed 71576K, reserved 1112064K
  class space    used 8755K, capacity 9378K, committed 9420K, reserved 1048576K
}
Event: 17.871 GC heap after
{Heap after GC invocations=15 (full 0):
 garbage-first heap   total 157696K, used 77979K [0x0000000080000000, 0x0000000100000000)
  region size 1024K, 5 young (5120K), 5 survivors (5120K)
 Metaspace       used 69574K, capacity 71488K, committed 71576K, reserved 1112064K
  class space    used 8755K, capacity 9378K, committed 9420K, reserved 1048576K
}
Event: 17.951 GC heap before
{Heap before GC invocations=15 (full 0):
 garbage-first heap   total 157696K, used 80027K [0x0000000080000000, 0x0000000100000000)
  region size 1024K, 8 young (8192K), 5 survivors (5120K)
 Metaspace       used 70052K, capacity 71942K, committed 72148K, reserved 1112064K
  class space    used 8836K, capacity 9445K, committed 9548K, reserved 1048576K
}
Event: 17.962 GC heap after
{Heap after GC invocations=16 (full 0):
 garbage-first heap   total 157696K, used 78686K [0x0000000080000000, 0x0000000100000000)
  region size 1024K, 1 young (1024K), 1 survivors (1024K)
 Metaspace       used 70052K, capacity 71942K, committed 72148K, reserved 1112064K
  class space    used 8836K, capacity 9445K, committed 9548K, reserved 1048576K
}
Event: 19.163 GC heap before
{Heap before GC invocations=17 (full 0):
 garbage-first heap   total 157696K, used 126814K [0x0000000080000000, 0x0000000100000000)
  region size 1024K, 48 young (49152K), 1 survivors (1024K)
 Metaspace       used 74417K, capacity 76344K, committed 76396K, reserved 1116160K
  class space    used 9546K, capacity 10204K, committed 10212K, reserved 1048576K
}
Event: 19.174 GC heap after
{Heap after GC invocations=18 (full 0):
 garbage-first heap   total 157696K, used 80684K [0x0000000080000000, 0x0000000100000000)
  region size 1024K, 3 young (3072K), 3 survivors (3072K)
 Metaspace       used 74417K, capacity 76344K, committed 76396K, reserved 1116160K
  class space    used 9546K, capacity 10204K, committed 10212K, reserved 1048576K
}
Event: 20.389 GC heap before
{Heap before GC invocations=19 (full 0):
 garbage-first heap   total 157696K, used 127788K [0x0000000080000000, 0x0000000100000000)
  region size 1024K, 50 young (51200K), 3 survivors (3072K)
 Metaspace       used 78699K, capacity 80614K, committed 80748K, reserved 1120256K
  class space    used 10026K, capacity 10677K, committed 10724K, reserved 1048576K
}
Event: 20.403 GC heap after
{Heap after GC invocations=20 (full 0):
 garbage-first heap   total 157696K, used 83407K [0x0000000080000000, 0x0000000100000000)
  region size 1024K, 6 young (6144K), 6 survivors (6144K)
 Metaspace       used 78699K, capacity 80614K, committed 80748K, reserved 1120256K
  class space    used 10026K, capacity 10677K, committed 10724K, reserved 1048576K
}
Event: 21.204 GC heap before
{Heap before GC invocations=20 (full 0):
 garbage-first heap   total 157696K, used 129487K [0x0000000080000000, 0x0000000100000000)
  region size 1024K, 51 young (52224K), 6 survivors (6144K)
 Metaspace       used 81646K, capacity 83658K, committed 83820K, reserved 1122304K
  class space    used 10475K, capacity 11159K, committed 11236K, reserved 1048576K
}
Event: 21.221 GC heap after
{Heap after GC invocations=21 (full 0):
 garbage-first heap   total 157696K, used 86096K [0x0000000080000000, 0x0000000100000000)
  region size 1024K, 6 young (6144K), 6 survivors (6144K)
 Metaspace       used 81646K, capacity 83658K, committed 83820K, reserved 1122304K
  class space    used 10475K, capacity 11159K, committed 11236K, reserved 1048576K
}
Event: 22.258 GC heap before
{Heap before GC invocations=22 (full 0):
 garbage-first heap   total 157696K, used 131152K [0x0000000080000000, 0x0000000100000000)
  region size 1024K, 50 young (51200K), 6 survivors (6144K)
 Metaspace       used 85502K, capacity 87590K, committed 87660K, reserved 1126400K
  class space    used 11049K, capacity 11709K, committed 11748K, reserved 1048576K
}
Event: 22.276 GC heap after
{Heap after GC invocations=23 (full 0):
 garbage-first heap   total 157696K, used 88813K [0x0000000080000000, 0x0000000100000000)
  region size 1024K, 6 young (6144K), 6 survivors (6144K)
 Metaspace       used 85502K, capacity 87590K, committed 87660K, reserved 1126400K
  class space    used 11049K, capacity 11709K, committed 11748K, reserved 1048576K
}
Event: 23.543 GC heap before
{Heap before GC invocations=23 (full 0):
 garbage-first heap   total 157696K, used 131821K [0x0000000080000000, 0x0000000100000000)
  region size 1024K, 48 young (49152K), 6 survivors (6144K)
 Metaspace       used 88885K, capacity 91110K, committed 91244K, reserved 1128448K
  class space    used 11467K, capacity 12208K, committed 12260K, reserved 1048576K
}
Event: 23.567 GC heap after
{Heap after GC invocations=24 (full 0):
 garbage-first heap   total 189440K, used 92265K [0x0000000080000000, 0x0000000100000000)
  region size 1024K, 6 young (6144K), 6 survivors (6144K)
 Metaspace       used 88885K, capacity 91110K, committed 91244K, reserved 1128448K
  class space    used 11467K, capacity 12208K, committed 12260K, reserved 1048576K
}
Event: 25.128 GC heap before
{Heap before GC invocations=25 (full 0):
 garbage-first heap   total 189440K, used 151657K [0x0000000080000000, 0x0000000100000000)
  region size 1024K, 64 young (65536K), 6 survivors (6144K)
 Metaspace       used 93702K, capacity 95892K, committed 96236K, reserved 1132544K
  class space    used 12056K, capacity 12793K, committed 12900K, reserved 1048576K
}
Event: 25.150 GC heap after
{Heap after GC invocations=26 (full 0):
 garbage-first heap   total 189440K, used 95870K [0x0000000080000000, 0x0000000100000000)
  region size 1024K, 8 young (8192K), 8 survivors (8192K)
 Metaspace       used 93702K, capacity 95892K, committed 96236K, reserved 1132544K
  class space    used 12056K, capacity 12793K, committed 12900K, reserved 1048576K
}
Event: 26.426 GC heap before
{Heap before GC invocations=26 (full 0):
 garbage-first heap   total 189440K, used 153214K [0x0000000080000000, 0x0000000100000000)
  region size 1024K, 64 young (65536K), 8 survivors (8192K)
 Metaspace       used 98425K, capacity 100924K, committed 101228K, reserved 1136640K
  class space    used 12614K, capacity 13444K, committed 13540K, reserved 1048576K
}
Event: 26.450 GC heap after
{Heap after GC invocations=27 (full 0):
 garbage-first heap   total 189440K, used 99635K [0x0000000080000000, 0x0000000100000000)
  region size 1024K, 8 young (8192K), 8 survivors (8192K)
 Metaspace       used 98425K, capacity 100924K, committed 101228K, reserved 1136640K
  class space    used 12614K, capacity 13444K, committed 13540K, reserved 1048576K
}
Event: 29.701 GC heap before
{Heap before GC invocations=28 (full 0):
 garbage-first heap   total 189440K, used 154931K [0x0000000080000000, 0x0000000100000000)
  region size 1024K, 63 young (64512K), 8 survivors (8192K)
 Metaspace       used 100779K, capacity 103239K, committed 103532K, reserved 1138688K
  class space    used 12889K, capacity 13715K, committed 13796K, reserved 1048576K
}
Event: 29.725 GC heap after
{Heap after GC invocations=29 (full 0):
 garbage-first heap   total 189440K, used 102512K [0x0000000080000000, 0x0000000100000000)
  region size 1024K, 7 young (7168K), 7 survivors (7168K)
 Metaspace       used 100779K, capacity 103239K, committed 103532K, reserved 1138688K
  class space    used 12889K, capacity 13715K, committed 13796K, reserved 1048576K
}

